2017-07-26 17:52:57.942  INFO 8852 --- [restartedMain] com.zxxz.lv.App                          : Starting App on LV_PC with PID 8852 (D:\idea_workspace\lv_springboot\target\classes started by Lv in D:\idea_workspace\lv_springboot)
2017-07-26 17:52:57.944  INFO 8852 --- [restartedMain] com.zxxz.lv.App                          : No active profile set, falling back to default profiles: default
2017-07-26 17:52:58.228  INFO 8852 --- [restartedMain] ationConfigEmbeddedWebApplicationContext : Refreshing org.springframework.boot.context.embedded.AnnotationConfigEmbeddedWebApplicationContext@1734e3d3: startup date [Wed Jul 26 17:52:58 CST 2017]; root of context hierarchy
2017-07-26 17:52:59.958  INFO 8852 --- [restartedMain] s.b.c.e.t.TomcatEmbeddedServletContainer : Tomcat initialized with port(s): 9013 (http)
2017-07-26 17:52:59.968  INFO 8852 --- [restartedMain] o.apache.catalina.core.StandardService   : Starting service [Tomcat]
2017-07-26 17:52:59.969  INFO 8852 --- [restartedMain] org.apache.catalina.core.StandardEngine  : Starting Servlet Engine: Apache Tomcat/8.5.15
2017-07-26 17:53:00.078  INFO 8852 --- [localhost-startStop-1] o.a.c.c.C.[Tomcat].[localhost].[/]       : Initializing Spring embedded WebApplicationContext
2017-07-26 17:53:00.078  INFO 8852 --- [localhost-startStop-1] o.s.web.context.ContextLoader            : Root WebApplicationContext: initialization completed in 1853 ms
2017-07-26 17:53:00.297  INFO 8852 --- [localhost-startStop-1] o.s.b.w.servlet.FilterRegistrationBean   : Mapping filter: 'characterEncodingFilter' to: [/*]
2017-07-26 17:53:00.298  INFO 8852 --- [localhost-startStop-1] o.s.b.w.servlet.FilterRegistrationBean   : Mapping filter: 'hiddenHttpMethodFilter' to: [/*]
2017-07-26 17:53:00.298  INFO 8852 --- [localhost-startStop-1] o.s.b.w.servlet.FilterRegistrationBean   : Mapping filter: 'httpPutFormContentFilter' to: [/*]
2017-07-26 17:53:00.298  INFO 8852 --- [localhost-startStop-1] o.s.b.w.servlet.FilterRegistrationBean   : Mapping filter: 'requestContextFilter' to: [/*]
2017-07-26 17:53:00.299  INFO 8852 --- [localhost-startStop-1] o.s.b.w.servlet.FilterRegistrationBean   : Mapping filter: 'crossDomainFilter' to urls: [/*]
2017-07-26 17:53:00.299  INFO 8852 --- [localhost-startStop-1] o.s.b.w.servlet.FilterRegistrationBean   : Mapping filter: 'webStatFilter' to urls: [/*]
2017-07-26 17:53:00.299  INFO 8852 --- [localhost-startStop-1] o.s.b.w.servlet.ServletRegistrationBean  : Mapping servlet: 'dispatcherServlet' to [/]
2017-07-26 17:53:00.300  INFO 8852 --- [localhost-startStop-1] o.s.b.w.servlet.ServletRegistrationBean  : Mapping servlet: 'statViewServlet' to [/druid/*]
2017-07-26 17:53:00.970  INFO 8852 --- [restartedMain] s.w.s.m.m.a.RequestMappingHandlerAdapter : Looking for @ControllerAdvice: org.springframework.boot.context.embedded.AnnotationConfigEmbeddedWebApplicationContext@1734e3d3: startup date [Wed Jul 26 17:52:58 CST 2017]; root of context hierarchy
2017-07-26 17:53:01.020  INFO 8852 --- [restartedMain] s.w.s.m.m.a.RequestMappingHandlerMapping : Mapped "{[/]}" onto public java.lang.String com.zxxz.lv.App.entry()
2017-07-26 17:53:01.021  INFO 8852 --- [restartedMain] s.w.s.m.m.a.RequestMappingHandlerMapping : Mapped "{[/index]}" onto public java.lang.String com.zxxz.lv.controller.HomeController.index()
2017-07-26 17:53:01.024  INFO 8852 --- [restartedMain] s.w.s.m.m.a.RequestMappingHandlerMapping : Mapped "{[/weather]}" onto public java.lang.String com.zxxz.lv.controller.MainController.index()
2017-07-26 17:53:01.025  INFO 8852 --- [restartedMain] s.w.s.m.m.a.RequestMappingHandlerMapping : Mapped "{[/zxxz],methods=[GET]}" onto public java.lang.String com.zxxz.lv.controller.MainController.get(javax.servlet.http.HttpServletRequest,javax.servlet.http.HttpServletResponse)
2017-07-26 17:53:01.026  INFO 8852 --- [restartedMain] s.w.s.m.m.a.RequestMappingHandlerMapping : Mapped "{[/user/text]}" onto public java.lang.String com.zxxz.lv.controller.UserController.get(org.springframework.ui.Model)
2017-07-26 17:53:01.027  INFO 8852 --- [restartedMain] s.w.s.m.m.a.RequestMappingHandlerMapping : Mapped "{[/user/get]}" onto public java.lang.String com.zxxz.lv.controller.UserController.getById(javax.servlet.http.HttpServletRequest,javax.servlet.http.HttpServletResponse)
2017-07-26 17:53:01.027  INFO 8852 --- [restartedMain] s.w.s.m.m.a.RequestMappingHandlerMapping : Mapped "{[/user/login]}" onto public java.lang.String com.zxxz.lv.controller.UserController.login(org.springframework.ui.Model,javax.servlet.http.HttpServletRequest,javax.servlet.http.HttpServletResponse)
2017-07-26 17:53:01.028  INFO 8852 --- [restartedMain] s.w.s.m.m.a.RequestMappingHandlerMapping : Mapped "{[/weather/queryWeather/v1.0],produces=[text/html;charset=UTF-8]}" onto public java.lang.String com.zxxz.lv.controller.WeatherController.getWeatherMsg(javax.servlet.http.HttpServletRequest,javax.servlet.http.HttpServletResponse)
2017-07-26 17:53:01.031  INFO 8852 --- [restartedMain] s.w.s.m.m.a.RequestMappingHandlerMapping : Mapped "{[/error]}" onto public org.springframework.http.ResponseEntity<java.util.Map<java.lang.String, java.lang.Object>> org.springframework.boot.autoconfigure.web.BasicErrorController.error(javax.servlet.http.HttpServletRequest)
2017-07-26 17:53:01.031  INFO 8852 --- [restartedMain] s.w.s.m.m.a.RequestMappingHandlerMapping : Mapped "{[/error],produces=[text/html]}" onto public org.springframework.web.servlet.ModelAndView org.springframework.boot.autoconfigure.web.BasicErrorController.errorHtml(javax.servlet.http.HttpServletRequest,javax.servlet.http.HttpServletResponse)
2017-07-26 17:53:01.060  INFO 8852 --- [restartedMain] o.s.w.s.handler.SimpleUrlHandlerMapping  : Mapped URL path [/static/**] onto handler of type [class org.springframework.web.servlet.resource.ResourceHttpRequestHandler]
2017-07-26 17:53:01.061  INFO 8852 --- [restartedMain] o.s.w.s.handler.SimpleUrlHandlerMapping  : Mapped URL path [/webjars/**] onto handler of type [class org.springframework.web.servlet.resource.ResourceHttpRequestHandler]
2017-07-26 17:53:01.100  INFO 8852 --- [restartedMain] o.s.w.s.handler.SimpleUrlHandlerMapping  : Mapped URL path [/**/favicon.ico] onto handler of type [class org.springframework.web.servlet.resource.ResourceHttpRequestHandler]
2017-07-26 17:53:01.864  INFO 8852 --- [restartedMain] o.s.w.s.v.f.FreeMarkerConfigurer         : ClassTemplateLoader for Spring macros added to FreeMarker configuration
2017-07-26 17:53:02.023  INFO 8852 --- [restartedMain] o.s.b.d.a.OptionalLiveReloadServer       : LiveReload server is running on port 35729
2017-07-26 17:53:02.077  INFO 8852 --- [restartedMain] o.s.j.e.a.AnnotationMBeanExporter        : Registering beans for JMX exposure on startup
2017-07-26 17:53:02.079  INFO 8852 --- [restartedMain] o.s.j.e.a.AnnotationMBeanExporter        : Bean with name 'dataSource' has been autodetected for JMX exposure
2017-07-26 17:53:02.085  INFO 8852 --- [restartedMain] o.s.j.e.a.AnnotationMBeanExporter        : Located MBean 'dataSource': registering with JMX server as MBean [com.alibaba.druid.pool:name=dataSource,type=DruidDataSource]
2017-07-26 17:53:02.141  INFO 8852 --- [restartedMain] s.b.c.e.t.TomcatEmbeddedServletContainer : Tomcat started on port(s): 9013 (http)
2017-07-26 17:53:02.147  INFO 8852 --- [restartedMain] com.zxxz.lv.App                          : Started App in 4.564 seconds (JVM running for 5.252)
